<?xml version="1.0" encoding="UTF-8"?>
<!-- Generated by org.testng.reporters.JUnitReportReporter -->
<testsuite hostname="LAPTOP-MA0DJJS4" failures="0" tests="5" name="tests.LoginTestwithSuiteParams" time="33.750" errors="0" timestamp="2022-08-13T22:51:36 BST" skipped="0">
  <testcase classname="tests.LoginTestwithSuiteParams" name="runMethod" time="6.368"/>
  <system-out>
    <![CDATA[Blank username test passed]]>
  </system-out>
  <testcase classname="tests.LoginTestwithSuiteParams" name="runMethod" time="8.019"/>
  <system-out>
    <![CDATA[Blank username and password test passed]]>
  </system-out>
  <testcase classname="tests.LoginTestwithSuiteParams" name="runMethod" time="6.405"/>
  <system-out>
    <![CDATA[Valid credentials test passed]]>
  </system-out>
  <testcase classname="tests.LoginTestwithSuiteParams" name="runMethod" time="6.392"/>
  <system-out>
    <![CDATA[Invalid credentials test passed]]>
  </system-out>
  <testcase classname="tests.LoginTestwithSuiteParams" name="runMethod" time="6.566"/>
  <system-out>
    <![CDATA[Blank password test passed]]>
  </system-out>
</testsuite> <!-- tests.LoginTestwithSuiteParams -->
